New log file opened at Tue Dec 29 10:36:56 EET 2015 by 5644@DESKTOP-L72STLG
Taking next connection to: 57081
New client attempting to connect on port: 57082-57081
  Address = /192.168.1.23:57081
This client on port 57082 has uuid 902d3019-4845-417a-ae2f-bd169319b933 configName play-fork-run humanReadableName Play Fork Run protocolVersion 1 featureTags Vector()
Connected Clients: play-fork-run-902d3019-4845-417a-ae2f-bd169319b933
Taking next connection to: 57081
Checking to see if clients are empty...
We have 1 non-daemon clients, continuing serving connections.
Taking next connection to: 57081
Checking to see if clients are empty...
We have 1 non-daemon clients, continuing serving connections.
Taking next connection to: 57081
New client attempting to connect on port: 57183-57081
  Address = /192.168.1.23:57081
Handshake exception on socket: 57183
sbt.impl.ipc.HandshakeException: Unable to perform handshake
	at sbt.impl.ipc.Peer.handshake(IPC.scala:46)
	at sbt.impl.ipc.MultiClientServer.<init>(IPC.scala:150)
	at sbt.server.SbtServerSocketHandler$$anon$1.run(SbtServerSocketHandler.scala:43)
Caused by: java.net.SocketException: Software caused connection abort: recv failed
	at java.net.SocketInputStream.socketRead0(Native Method)
	at java.net.SocketInputStream.socketRead(SocketInputStream.java:116)
	at java.net.SocketInputStream.read(SocketInputStream.java:170)
	at java.net.SocketInputStream.read(SocketInputStream.java:141)
	at java.io.BufferedInputStream.fill(BufferedInputStream.java:246)
	at java.io.BufferedInputStream.read(BufferedInputStream.java:265)
	at java.io.DataInputStream.readInt(DataInputStream.java:387)
	at sbt.impl.ipc.Peer.receive(IPC.scala:95)
	at sbt.impl.ipc.Peer.handshake(IPC.scala:49)
	... 2 more
Taking next connection to: 57081
New client attempting to connect on port: 57184-57081
  Address = /192.168.1.23:57081
This client on port 57184 has uuid af4a7d1b-bcd3-4311-97c3-3358b9524b14 configName play-fork-run humanReadableName Play Fork Run protocolVersion 1 featureTags Vector()
Connected Clients: play-fork-run-af4a7d1b-bcd3-4311-97c3-3358b9524b14
Taking next connection to: 57081
Checking to see if clients are empty...
No non-daemon clients connected after 3 min. Shutting down.
Server socket thread exiting.
0 clients open, will close them...
All client sockets have been closed.
Closing the 5644@DESKTOP-L72STLG logs at Tue Dec 29 10:47:26 EET 2015, goodbye.
